
----------------------------------------------------------------------------
--                            File Generation                             --
----------------------------------------------------------------------------
Start Creating ISE project 
Start Creating drver source 

----------------------------------------------------------------------------
--                              Final Report                              --
----------------------------------------------------------------------------
Thank you for using Create and Import Peripheral Wizard!

Peripheral summary

  top name       : readbgcop
  version        : 1.00.a
  type           : FSL master slave
  features       : 

File Summary

  - HDL source -
/home/cc/cs150/sp13/class/cs150-ar/finalproj/dram/pcores/readbgcop_v1_00_a/hdl/v
hdl
  top level      : readbgcop.vhd

  - XPS interface -
/home/cc/cs150/sp13/class/cs150-ar/finalproj/dram/pcores/readbgcop_v1_00_a/data
  mpd            : readbgcop_v2_1_0.mpd
  pao            : readbgcop_v2_1_0.pao

  - ISE project -
/home/cc/cs150/sp13/class/cs150-ar/finalproj/dram/pcores/readbgcop_v1_00_a/devl/
projnav
  ise project    : readbgcop.xise
  tcl script     : readbgcop.tcl


  - XST synthesis -
/home/cc/cs150/sp13/class/cs150-ar/finalproj/dram/pcores/readbgcop_v1_00_a/devl/
synthesis
  xst script     : readbgcop_xst.scr
  xst project    : readbgcop_xst.prj

  - Misc file -
/home/cc/cs150/sp13/class/cs150-ar/finalproj/dram/pcores/readbgcop_v1_00_a/devl
  help           : README.txt
  option         : ipwiz.opt
  log            : ipwiz.log

  - Driver source -
/home/cc/cs150/sp13/class/cs150-ar/finalproj/dram/drivers/readbgcop_v1_00_a/src
  makefile       : Makefile
  header         : readbgcop.h
  source         : readbgcop.c

  - Driver interface -
  - user needs to add these to repositories path in SDK (Xilinx
Tools-->Repositories)
/home/cc/cs150/sp13/class/cs150-ar/finalproj/dram/drivers/readbgcop_v1_00_a/data
  mdd            : readbgcop_v2_1_0.mdd
  tcl            : readbgcop_v2_1_0.tcl


