/home/cc/cs150/sp13/class/cs150-at/finalproject/topContainingGSProj/system_top.ngc 1367611121
/home/cc/cs150/sp13/class/cs150-at/finalproject/topContainingGSProj/system.ngc 1367542906
/home/cc/cs150/sp13/class/cs150-at/finalproject/topContainingGSProj/system_microblaze_0_wrapper.ngc 1367542905
/home/cc/cs150/sp13/class/cs150-at/finalproject/topContainingGSProj/system_mb_plb_wrapper.ngc 1367542905
/home/cc/cs150/sp13/class/cs150-at/finalproject/topContainingGSProj/system_ilmb_wrapper.ngc 1367542905
/home/cc/cs150/sp13/class/cs150-at/finalproject/topContainingGSProj/system_dlmb_wrapper.ngc 1367542905
/home/cc/cs150/sp13/class/cs150-at/finalproject/topContainingGSProj/system_dlmb_cntlr_wrapper.ngc 1367542905
/home/cc/cs150/sp13/class/cs150-at/finalproject/topContainingGSProj/system_ilmb_cntlr_wrapper.ngc 1367542905
/home/cc/cs150/sp13/class/cs150-at/finalproject/topContainingGSProj/system_lmb_bram_wrapper.ngc 1367542905
/home/cc/cs150/sp13/class/cs150-at/finalproject/topContainingGSProj/system_rs232_uart_1_wrapper.ngc 1367542905
/home/cc/cs150/sp13/class/cs150-at/finalproject/topContainingGSProj/system_ddr2_sdram_wrapper.ngc 1367542905
/home/cc/cs150/sp13/class/cs150-at/finalproject/topContainingGSProj/system_clock_generator_0_wrapper.ngc 1367542905
/home/cc/cs150/sp13/class/cs150-at/finalproject/topContainingGSProj/system_mdm_0_wrapper.ngc 1367542905
/home/cc/cs150/sp13/class/cs150-at/finalproject/topContainingGSProj/system_proc_sys_reset_0_wrapper.ngc 1367542905
/home/cc/cs150/sp13/class/cs150-at/finalproject/topContainingGSProj/system_readbgcop_0_to_microblaze_0_wrapper.ngc 1367542905
/home/cc/cs150/sp13/class/cs150-at/finalproject/topContainingGSProj/system_readbgcop_0_wrapper.ngc 1367542905
/home/cc/cs150/sp13/class/cs150-at/finalproject/topContainingGSProj/system_microblaze_0_to_readbgcop_0_wrapper.ngc 1367542905
/home/cc/cs150/sp13/class/cs150-at/finalproject/topContainingGSProj/system_readfgcop_0_to_microblaze_0_wrapper.ngc 1367542905
/home/cc/cs150/sp13/class/cs150-at/finalproject/topContainingGSProj/system_readfgcop_0_wrapper.ngc 1367542905
/home/cc/cs150/sp13/class/cs150-at/finalproject/topContainingGSProj/system_microblaze_0_to_readfgcop_0_wrapper.ngc 1367542906
/home/cc/cs150/sp13/class/cs150-at/finalproject/topContainingGSProj/system_microblaze_0_to_writecop_0_wrapper.ngc 1367542906
/home/cc/cs150/sp13/class/cs150-at/finalproject/topContainingGSProj/system_writecop_0_wrapper.ngc 1367542905
../DVI/hardware/src/pixel_fifo/pixel_fifo.ngc 1366591173
../../labs/lab4/src/chipscope/chipscope_icon.ngc 1361394114
../../labs/lab4/src/chipscope/chipscope_ila.ngc 1361394873
OK
