
----------------------------------------------------------------------------
--                            File Generation                             --
----------------------------------------------------------------------------
Start Creating ISE project 
Start Creating drver source 

----------------------------------------------------------------------------
--                              Final Report                              --
----------------------------------------------------------------------------
Thank you for using Create and Import Peripheral Wizard!

Peripheral summary

  top name       : writecop
  version        : 1.00.a
  type           : FSL slave
  features       : 

File Summary

  - HDL source -
/home/cc/cs150/sp13/class/cs150-at/finalproject/pcores/writecop_v1_00_a/hdl/vhdl
  top level      : writecop.vhd

  - XPS interface -
  /home/cc/cs150/sp13/class/cs150-at/finalproject/pcores/writecop_v1_00_a/data
  mpd            : writecop_v2_1_0.mpd
  pao            : writecop_v2_1_0.pao

  - ISE project -
/home/cc/cs150/sp13/class/cs150-at/finalproject/pcores/writecop_v1_00_a/devl/pro
jnav
  ise project    : writecop.xise
  tcl script     : writecop.tcl


  - XST synthesis -
/home/cc/cs150/sp13/class/cs150-at/finalproject/pcores/writecop_v1_00_a/devl/syn
thesis
  xst script     : writecop_xst.scr
  xst project    : writecop_xst.prj

  - Misc file -
  /home/cc/cs150/sp13/class/cs150-at/finalproject/pcores/writecop_v1_00_a/devl
  help           : README.txt
  option         : ipwiz.opt
  log            : ipwiz.log

  - Driver source -
  /home/cc/cs150/sp13/class/cs150-at/finalproject/drivers/writecop_v1_00_a/src
  makefile       : Makefile
  header         : writecop.h
  source         : writecop.c

  - Driver interface -
  - user needs to add these to repositories path in SDK (Xilinx
Tools-->Repositories)
  /home/cc/cs150/sp13/class/cs150-at/finalproject/drivers/writecop_v1_00_a/data
  mdd            : writecop_v2_1_0.mdd
  tcl            : writecop_v2_1_0.tcl


