
----------------------------------------------------------------------------
--                            Design Analysis                             --
----------------------------------------------------------------------------
Analyze pcore writecopimage ...


----------------------------------------------------------------------------
--                            Design Analysis                             --
----------------------------------------------------------------------------
Analyze pcore writecopimage ...


----------------------------------------------------------------------------
--                            Design Analysis                             --
----------------------------------------------------------------------------
Analyze pcore writecopimage ...


----------------------------------------------------------------------------
--                            File Generation                             --
----------------------------------------------------------------------------
Start Creating ISE project 
Start Creating drver source 

----------------------------------------------------------------------------
--                              Final Report                              --
----------------------------------------------------------------------------
Thank you for using Create and Import Peripheral Wizard!

Peripheral summary

  top name       : writecopimage
  version        : 1.00.a
  type           : FSL slave
  features       : 

File Summary

  - HDL source -
/home/cc/cs150/sp13/class/cs150-ar/finalproj/dram/pcores/writecopimage_v1_00_a/h
dl/vhdl
  top level      : writecopimage.vhd

  - XPS interface -
/home/cc/cs150/sp13/class/cs150-ar/finalproj/dram/pcores/writecopimage_v1_00_a/d
ata
  mpd            : writecopimage_v2_1_0.mpd
  pao            : writecopimage_v2_1_0.pao

  - ISE project -
/home/cc/cs150/sp13/class/cs150-ar/finalproj/dram/pcores/writecopimage_v1_00_a/d
evl/projnav
  ise project    : writecopimage.xise
  tcl script     : writecopimage.tcl


  - XST synthesis -
/home/cc/cs150/sp13/class/cs150-ar/finalproj/dram/pcores/writecopimage_v1_00_a/d
evl/synthesis
  xst script     : writecopimage_xst.scr
  xst project    : writecopimage_xst.prj

  - Misc file -
/home/cc/cs150/sp13/class/cs150-ar/finalproj/dram/pcores/writecopimage_v1_00_a/d
evl
  help           : README.txt
  option         : ipwiz.opt
  log            : ipwiz.log

  - Driver source -
/home/cc/cs150/sp13/class/cs150-ar/finalproj/dram/drivers/writecopimage_v1_00_a/
src
  makefile       : Makefile
  header         : writecopimage.h
  source         : writecopimage.c

  - Driver interface -
  - user needs to add these to repositories path in SDK (Xilinx
Tools-->Repositories)
/home/cc/cs150/sp13/class/cs150-ar/finalproj/dram/drivers/writecopimage_v1_00_a/
data
  mdd            : writecopimage_v2_1_0.mdd
  tcl            : writecopimage_v2_1_0.tcl


