Generated Block Diagram.
Rasterizing microblaze_0.jpg.....
Rasterizing mb_plb.jpg.....
Rasterizing ilmb.jpg.....
Rasterizing dlmb.jpg.....
Rasterizing dlmb_cntlr.jpg.....
Rasterizing ilmb_cntlr.jpg.....
Rasterizing lmb_bram.jpg.....
Rasterizing RS232_Uart_1.jpg.....
Rasterizing DDR2_SDRAM.jpg.....
Rasterizing clock_generator_0.jpg.....
Rasterizing mdm_0.jpg.....
Rasterizing proc_sys_reset_0.jpg.....
Rasterizing readbgcop_0_to_microblaze_0.jpg.....
Rasterizing readbgcop_0.jpg.....
Rasterizing microblaze_0_to_readbgcop_0.jpg.....
Rasterizing readfgcop_0_to_microblaze_0.jpg.....
Rasterizing readfgcop_0.jpg.....
Rasterizing microblaze_0_to_readfgcop_0.jpg.....
Rasterizing microblaze_0_to_writecop_0.jpg.....
Rasterizing writecop_0.jpg.....
Rasterizing system_blkd.jpg.....
Report generated.
Report generation completed.
